lylout_files/LYLOUT_20220712_pol.exported.dat was parsed and added to the database already
lylout_files/LYLOUT_20220902_A1.exported.dat was parsed and added to the database already
lylout_files/LYLOUT_20220902_A3.exported.dat was parsed and added to the database already
lylout_files/LYLOUT_20220713_clean.exported.dat was parsed and added to the database already
lylout_files/LYLOUT_20220902_B.exported.dat was parsed and added to the database already
lylout_files/LYLOUT_20220902_A2.exported.dat was parsed and added to the database already
lylout_files/LYLOUT__20220902_total_A.exported.dat was parsed and added to the database already
Headers: ['id', 'time_unix', 'lat', 'lon', 'alt', 'reduced_chi2', 'num_stations', 'power_db', 'power', 'mask', 'stations', 'x', 'y', 'z']
            id     time_unix  ...             y             z
0            2  1.657655e+09  ... -5.559317e+06  3.083383e+06
1            3  1.657655e+09  ... -5.559856e+06  3.083678e+06
2            4  1.657655e+09  ... -5.559595e+06  3.083547e+06
3            6  1.657655e+09  ... -5.560076e+06  3.083549e+06
4            9  1.657655e+09  ... -5.559873e+06  3.083687e+06
...        ...           ...  ...           ...           ...
374761  749851  1.657665e+09  ... -5.552696e+06  3.090049e+06
374762  749853  1.657665e+09  ... -5.553180e+06  3.090283e+06
374763  749854  1.657665e+09  ... -5.552505e+06  3.090086e+06
374764  749855  1.657665e+09  ... -5.555068e+06  3.090888e+06
374765  749856  1.657665e+09  ... -5.552986e+06  3.088960e+06

[374766 rows x 14 columns]
Cache hit.
Using cached result from earlier
Number of strikes matching criteria: 250
Bucket 0: Length = 1736: Time = 1657661558.103916
Bucket 1: Length = 1717: Time = 1657661097.426913
Bucket 2: Length = 1717: Time = 1657661157.560627
Bucket 3: Length = 1695: Time = 1657661618.214972
Bucket 4: Length = 1691: Time = 1657661458.032746
Bucket 5: Length = 1678: Time = 1657661598.163213
Bucket 6: Length = 1657: Time = 1657658901.866174
Bucket 7: Length = 1655: Time = 1657661137.542656
Bucket 8: Length = 1637: Time = 1657661117.542042
Bucket 9: Length = 1623: Time = 1657661177.565959
Bucket 10: Length = 1617: Time = 1657658680.28727
Bucket 11: Length = 1604: Time = 1657661638.222274
Bucket 12: Length = 1600: Time = 1657658660.281576
Bucket 13: Length = 1595: Time = 1657658721.270837
Bucket 14: Length = 1579: Time = 1657661518.078285
Bucket 15: Length = 1578: Time = 1657661317.871749
Bucket 16: Length = 1544: Time = 1657661538.08455
Bucket 17: Length = 1541: Time = 1657658761.284813
Bucket 18: Length = 1533: Time = 1657658620.165894
Bucket 19: Length = 1532: Time = 1657661878.567228
Bucket 20: Length = 1530: Time = 1657661858.526576
Bucket 21: Length = 1526: Time = 1657658781.302998
Bucket 22: Length = 1523: Time = 1657658741.276474
Bucket 23: Length = 1520: Time = 1657661938.641889
Bucket 24: Length = 1519: Time = 1657661718.274985
Bucket 25: Length = 1517: Time = 1657661898.591413
Bucket 26: Length = 1513: Time = 1657661578.155857
Bucket 27: Length = 1496: Time = 1657661838.518606
Bucket 28: Length = 1494: Time = 1657661678.248161
Bucket 29: Length = 1469: Time = 1657661498.053686
Bucket 30: Length = 1463: Time = 1657658940.311477
Bucket 31: Length = 1463: Time = 1657661217.707593
Bucket 32: Length = 1459: Time = 1657658850.176454
Bucket 33: Length = 1446: Time = 1657658801.333081
Bucket 34: Length = 1445: Time = 1657661918.640209
Bucket 35: Length = 1435: Time = 1657661658.247037
Bucket 36: Length = 1433: Time = 1657661818.488113
Bucket 37: Length = 1430: Time = 1657661758.325016
Bucket 38: Length = 1428: Time = 1657658600.112539
Bucket 39: Length = 1428: Time = 1657661798.412354
Bucket 40: Length = 1425: Time = 1657661698.269195
Bucket 41: Length = 1418: Time = 1657661257.748178
Bucket 42: Length = 1417: Time = 1657661778.409303
Bucket 43: Length = 1407: Time = 1657661418.003679
Bucket 44: Length = 1390: Time = 1657658447.49223
Bucket 45: Length = 1383: Time = 1657659045.897668
Bucket 46: Length = 1378: Time = 1657658872.697771
Bucket 47: Length = 1377: Time = 1657661738.312373
Bucket 48: Length = 1375: Time = 1657658559.66969
Bucket 49: Length = 1356: Time = 1657658640.252584
Bucket 50: Length = 1355: Time = 1657662212.191264
Bucket 51: Length = 1354: Time = 1657661978.882986
Bucket 52: Length = 1345: Time = 1657661998.969314
Bucket 53: Length = 1339: Time = 1657661397.967224
Bucket 54: Length = 1326: Time = 1657661438.007877
Bucket 55: Length = 1325: Time = 1657661277.793474
Bucket 56: Length = 1312: Time = 1657661197.678901
Bucket 57: Length = 1311: Time = 1657658580.109363
Bucket 58: Length = 1300: Time = 1657658701.233213
Bucket 59: Length = 1298: Time = 1657661377.92337
Bucket 60: Length = 1297: Time = 1657661337.897478
Bucket 61: Length = 1293: Time = 1657661237.721598
Bucket 62: Length = 1289: Time = 1657662018.988874
Bucket 63: Length = 1284: Time = 1657658821.462316
Bucket 64: Length = 1281: Time = 1657661478.051865
Bucket 65: Length = 1279: Time = 1657661297.8174
Bucket 66: Length = 1279: Time = 1657662039.027758
Bucket 67: Length = 1273: Time = 1657662059.05992
Bucket 68: Length = 1271: Time = 1657662159.31907
Bucket 69: Length = 1269: Time = 1657662420.834017
Bucket 70: Length = 1264: Time = 1657662079.069036
Bucket 71: Length = 1237: Time = 1657658960.496984
Bucket 72: Length = 1233: Time = 1657662119.15331
Bucket 73: Length = 1226: Time = 1657662252.385278
Bucket 74: Length = 1224: Time = 1657662360.413477
Bucket 75: Length = 1220: Time = 1657662400.83029
Bucket 76: Length = 1215: Time = 1657661958.777001
Bucket 77: Length = 1190: Time = 1657661357.904203
Bucket 78: Length = 1181: Time = 1657658539.663122
Bucket 79: Length = 1173: Time = 1657662099.10632
Bucket 80: Length = 1173: Time = 1657662292.493841
Bucket 81: Length = 1173: Time = 1657662332.512859
Bucket 82: Length = 1166: Time = 1657662179.491629
Bucket 83: Length = 1159: Time = 1657662475.088595
Bucket 84: Length = 1153: Time = 1657662272.442767
Bucket 85: Length = 1150: Time = 1657658990.2298
Bucket 86: Length = 1141: Time = 1657662312.508477
Bucket 87: Length = 1127: Time = 1657659629.789272
Bucket 88: Length = 1125: Time = 1657658499.609168
Bucket 89: Length = 1125: Time = 1657662515.149711
Bucket 90: Length = 1109: Time = 1657662139.191622
Bucket 91: Length = 1099: Time = 1657659187.484772
Bucket 92: Length = 1070: Time = 1657658519.613177
Bucket 93: Length = 1053: Time = 1657662232.308998
Bucket 94: Length = 1049: Time = 1657659079.487283
Bucket 95: Length = 1012: Time = 1657658427.439724
Bucket 96: Length = 1008: Time = 1657658479.50736
Bucket 97: Length = 1001: Time = 1657662495.105588
Bucket 98: Length = 949: Time = 1657661084.095449
Bucket 99: Length = 948: Time = 1657662456.940292
Bucket 100: Length = 947: Time = 1657662380.417012
Bucket 101: Length = 934: Time = 1657659654.108454
Bucket 102: Length = 920: Time = 1657659580.99818
Bucket 103: Length = 918: Time = 1657659019.696632
Bucket 104: Length = 916: Time = 1657658360.410011
Bucket 105: Length = 880: Time = 1657662440.973219
Bucket 106: Length = 856: Time = 1657658889.953667
Bucket 107: Length = 815: Time = 1657658348.385929
Bucket 108: Length = 813: Time = 1657659144.859675
Bucket 109: Length = 802: Time = 1657659006.459966
Bucket 110: Length = 799: Time = 1657658919.982816
Bucket 111: Length = 798: Time = 1657659064.434872
Bucket 112: Length = 767: Time = 1657658976.151522
Bucket 113: Length = 750: Time = 1657662552.499562
Bucket 114: Length = 740: Time = 1657659122.497326
Bucket 115: Length = 740: Time = 1657659499.487032
Bucket 116: Length = 735: Time = 1657659113.892241
Bucket 117: Length = 732: Time = 1657662199.497795
Bucket 118: Length = 728: Time = 1657658931.688333
Bucket 119: Length = 721: Time = 1657661073.353808
Bucket 120: Length = 709: Time = 1657659162.392337
Bucket 121: Length = 701: Time = 1657659419.853648
Bucket 122: Length = 686: Time = 1657659646.398304
Bucket 123: Length = 682: Time = 1657659348.184789
Bucket 124: Length = 662: Time = 1657659264.929046
Bucket 125: Length = 643: Time = 1657659032.573658
Bucket 126: Length = 640: Time = 1657659231.377227
Bucket 127: Length = 635: Time = 1657659467.169668
Bucket 128: Length = 629: Time = 1657658294.727711
Bucket 129: Length = 605: Time = 1657659677.872282
Bucket 130: Length = 600: Time = 1657659095.260864
Bucket 131: Length = 598: Time = 1657659134.214139
Bucket 132: Length = 589: Time = 1657659491.740522
Bucket 133: Length = 582: Time = 1657662682.515141
Bucket 134: Length = 574: Time = 1657659282.297653
Bucket 135: Length = 571: Time = 1657658376.463654
Bucket 136: Length = 568: Time = 1657658413.753222
Bucket 137: Length = 566: Time = 1657662573.390408
Bucket 138: Length = 553: Time = 1657661064.32112
Bucket 139: Length = 541: Time = 1657659548.289573
Bucket 140: Length = 538: Time = 1657660845.968596
Bucket 141: Length = 523: Time = 1657660732.775457
Bucket 142: Length = 516: Time = 1657659239.405937
Bucket 143: Length = 514: Time = 1657659337.297203
Bucket 144: Length = 507: Time = 1657659979.299006
Bucket 145: Length = 507: Time = 1657660669.333392
Bucket 146: Length = 506: Time = 1657660286.107621
Bucket 147: Length = 505: Time = 1657659615.940296
Bucket 148: Length = 505: Time = 1657662628.917118
Bucket 149: Length = 504: Time = 1657659440.789395
Bucket 150: Length = 502: Time = 1657659383.611821
Bucket 151: Length = 488: Time = 1657659074.394391
Bucket 152: Length = 484: Time = 1657659224.217708
Bucket 153: Length = 481: Time = 1657659181.159145
Bucket 154: Length = 479: Time = 1657658396.876559
Bucket 155: Length = 479: Time = 1657664676.095968
Bucket 156: Length = 477: Time = 1657659669.317468
Bucket 157: Length = 473: Time = 1657661026.185888
Bucket 158: Length = 468: Time = 1657662583.78499
Bucket 159: Length = 467: Time = 1657658469.349174
Bucket 160: Length = 467: Time = 1657660246.858189
Bucket 161: Length = 467: Time = 1657662649.117647
Bucket 162: Length = 462: Time = 1657660369.84379
Bucket 163: Length = 452: Time = 1657659206.158136
Bucket 164: Length = 451: Time = 1657660968.18848
Bucket 165: Length = 447: Time = 1657658314.097619
Bucket 166: Length = 443: Time = 1657658329.142178
Bucket 167: Length = 442: Time = 1657660050.259462
Bucket 168: Length = 435: Time = 1657659994.098227
Bucket 169: Length = 434: Time = 1657659757.892924
Bucket 170: Length = 433: Time = 1657660900.769872
Bucket 171: Length = 431: Time = 1657660299.180108
Bucket 172: Length = 427: Time = 1657659321.412626
Bucket 173: Length = 426: Time = 1657660798.149106
Bucket 174: Length = 422: Time = 1657661006.130007
Bucket 175: Length = 417: Time = 1657659692.549054
Bucket 176: Length = 416: Time = 1657660195.830584
Bucket 177: Length = 413: Time = 1657664231.78275
Bucket 178: Length = 412: Time = 1657662606.874169
Bucket 179: Length = 409: Time = 1657659354.85449
Bucket 180: Length = 406: Time = 1657659477.697919
Bucket 181: Length = 405: Time = 1657659456.466385
Bucket 182: Length = 404: Time = 1657659789.175992
Bucket 183: Length = 400: Time = 1657658841.468265
Bucket 184: Length = 400: Time = 1657659561.663555
Bucket 185: Length = 400: Time = 1657662811.256922
Bucket 186: Length = 394: Time = 1657659402.128649
Bucket 187: Length = 393: Time = 1657662352.622521
Bucket 188: Length = 392: Time = 1657659833.506724
Bucket 189: Length = 389: Time = 1657659697.963418
Bucket 190: Length = 389: Time = 1657662535.165711
Bucket 191: Length = 387: Time = 1657661042.323849
Bucket 192: Length = 386: Time = 1657659842.546932
Bucket 193: Length = 382: Time = 1657659413.516138
Bucket 194: Length = 375: Time = 1657660807.688581
Bucket 195: Length = 375: Time = 1657662723.451875
Bucket 196: Length = 372: Time = 1657659732.969553
Bucket 197: Length = 372: Time = 1657659764.808716
Bucket 198: Length = 371: Time = 1657659369.073394
Bucket 199: Length = 370: Time = 1657659532.208271
Bucket 200: Length = 367: Time = 1657659569.139939
Bucket 201: Length = 364: Time = 1657661037.747233
Bucket 202: Length = 362: Time = 1657662926.788406
Bucket 203: Length = 361: Time = 1657659307.729507
Bucket 204: Length = 356: Time = 1657659623.186616
Bucket 205: Length = 353: Time = 1657659257.816539
Bucket 206: Length = 353: Time = 1657659317.935751
Bucket 207: Length = 352: Time = 1657658176.800696
Bucket 208: Length = 350: Time = 1657659748.059327
Bucket 209: Length = 347: Time = 1657659016.03893
Bucket 210: Length = 346: Time = 1657660486.478892
Bucket 211: Length = 344: Time = 1657659433.311793
Bucket 212: Length = 342: Time = 1657662781.057251
Bucket 213: Length = 341: Time = 1657659720.217092
Bucket 214: Length = 341: Time = 1657660262.555744
Bucket 215: Length = 337: Time = 1657662543.853614
Bucket 216: Length = 336: Time = 1657659109.105852
Bucket 217: Length = 335: Time = 1657659596.308919
Bucket 218: Length = 334: Time = 1657659406.284991
Bucket 219: Length = 333: Time = 1657660776.65528
Bucket 220: Length = 332: Time = 1657659390.150224
Bucket 221: Length = 332: Time = 1657659601.083703
Bucket 222: Length = 332: Time = 1657659864.865683
Bucket 223: Length = 330: Time = 1657660563.148723
Bucket 224: Length = 330: Time = 1657660780.380986
Bucket 225: Length = 328: Time = 1657662395.09659
Bucket 226: Length = 326: Time = 1657659514.050382
Bucket 227: Length = 325: Time = 1657660430.303008
Bucket 228: Length = 324: Time = 1657658337.331097
Bucket 229: Length = 324: Time = 1657659361.654192
Bucket 230: Length = 324: Time = 1657659522.753728
Bucket 231: Length = 322: Time = 1657660594.100698
Bucket 232: Length = 321: Time = 1657659201.544959
Bucket 233: Length = 320: Time = 1657659437.466198
Bucket 234: Length = 320: Time = 1657660016.240278
Bucket 235: Length = 313: Time = 1657657925.366694
Bucket 236: Length = 312: Time = 1657659311.781011
Bucket 237: Length = 311: Time = 1657660001.120237
Bucket 238: Length = 310: Time = 1657658133.842284
Bucket 239: Length = 310: Time = 1657658986.49711
Bucket 240: Length = 310: Time = 1657659173.005895
Bucket 241: Length = 309: Time = 1657660308.673749
Bucket 242: Length = 306: Time = 1657658288.437656
Bucket 243: Length = 306: Time = 1657660340.653566
Bucket 244: Length = 305: Time = 1657658281.428413
Bucket 245: Length = 304: Time = 1657659539.224956
Bucket 246: Length = 302: Time = 1657660147.457905
Bucket 247: Length = 301: Time = 1657659104.833828
Bucket 248: Length = 301: Time = 1657659451.434589
Bucket 249: Length = 301: Time = 1657662702.127197
Plotting strike points over time
Exporting largest instance
Exporting the strongest power
